<?xml version="1.0" encoding="UTF-8"?>
<!-- Generated by org.testng.reporters.JUnitReportReporter -->
<testsuite skipped="0" hostname="DESKTOP-MPL4FM9" name="tests.Guru99BankLoginTest" tests="2" failures="0" timestamp="30 Dec 2019 12:19:42 GMT" time="15.886" errors="0">
  <testcase name="verifyHomePageTitle" time="0.987" classname="tests.Guru99BankLoginTest"/>
  <testcase name="SignIn_Test" time="14.899" classname="tests.Guru99BankLoginTest"/>
</testsuite> <!-- tests.Guru99BankLoginTest -->
