<?xml version="1.0" encoding="UTF-8"?>
<!-- Generated by org.testng.reporters.JUnitReportReporter -->
<testsuite skipped="0" hostname="DESKTOP-MPL4FM9" name="tests.Guru99TestNGReport" tests="3" failures="0" timestamp="30 Dec 2019 12:19:42 GMT" time="0.054" errors="0">
  <testcase name="Output" time="0.010" classname="tests.Guru99TestNGReport"/>
  <testcase name="LoginTest" time="0.035" classname="tests.Guru99TestNGReport"/>
  <testcase name="VerifyHomePage" time="0.009" classname="tests.Guru99TestNGReport"/>
</testsuite> <!-- tests.Guru99TestNGReport -->
